<?xml version="1.0" encoding="UTF-8"?>
<!-- Generated by org.testng.reporters.JUnitReportReporter -->
<testsuite hostname="LAPTOP-R0LDLEQH" failures="0" tests="1" name="com.SauceDemoTestClasses.TC_03VerifyBagAddtofunctionality" time="8.317" errors="0" timestamp="2022-10-11T15:20:11 IST" skipped="0">
  <testcase classname="com.SauceDemoTestClasses.TC_03VerifyBagAddtofunctionality" name="verify_bagProductFunct" time="8.317"/>
  <system-out/>
</testsuite> <!-- com.SauceDemoTestClasses.TC_03VerifyBagAddtofunctionality -->
