<?xml version="1.0" encoding="UTF-8"?>
<!-- Generated by org.testng.reporters.JUnitReportReporter -->
<testsuite hostname="LAPTOP-R0LDLEQH" failures="0" tests="1" name="com.SauceDemoTestClasses.TC_5VerifyDropDownFunct" time="13.890" errors="0" timestamp="2022-10-11T15:20:12 IST" skipped="0">
  <testcase classname="com.SauceDemoTestClasses.TC_5VerifyDropDownFunct" name="VerifyDropDown" time="13.890"/>
  <system-out/>
</testsuite> <!-- com.SauceDemoTestClasses.TC_5VerifyDropDownFunct -->
